#! /usr/bin/vvp
:ivl_version "11.0 (stable)";
:ivl_delay_selection "TYPICAL";
:vpi_time_precision - 10;
:vpi_module "/usr/lib/x86_64-linux-gnu/ivl/system.vpi";
:vpi_module "/usr/lib/x86_64-linux-gnu/ivl/vhdl_sys.vpi";
:vpi_module "/usr/lib/x86_64-linux-gnu/ivl/vhdl_textio.vpi";
:vpi_module "/usr/lib/x86_64-linux-gnu/ivl/v2005_math.vpi";
:vpi_module "/usr/lib/x86_64-linux-gnu/ivl/va_math.vpi";
S_0x7fffd0a7f240 .scope module, "immediate_select_tb" "immediate_select_tb" 2 3;
 .timescale -9 -10;
v0x7fffd0aa6610_0 .var "CLK", 0 0;
v0x7fffd0aa66d0_0 .var "INSTRUCTION", 31 0;
v0x7fffd0aa6790_0 .net "OUTPUT", 31 0, v0x7fffd0aa5ae0_0;  1 drivers
v0x7fffd0aa6830_0 .var "SELECT", 3 0;
v0x7fffd0aa68d0_0 .var "TEMP", 31 0;
S_0x7fffd0a7f3d0 .scope module, "IMM_SEL" "IMMEDIATE_SELECT" 2 10, 3 3 0, S_0x7fffd0a7f240;
 .timescale -9 -10;
    .port_info 0 /INPUT 32 "INSTRUCTION";
    .port_info 1 /INPUT 4 "SELECT";
    .port_info 2 /OUTPUT 32 "OUTPUT";
v0x7fffd0a7f5b0_0 .net "INSTRUCTION", 31 0, v0x7fffd0aa66d0_0;  1 drivers
v0x7fffd0aa5ae0_0 .var "OUTPUT", 31 0;
v0x7fffd0aa5bc0_0 .net "SELECT", 3 0, v0x7fffd0aa6830_0;  1 drivers
v0x7fffd0aa5c80_0 .net "TYPE_1", 19 0, L_0x7fffd0aa6970;  1 drivers
v0x7fffd0aa5d60_0 .net "TYPE_2", 19 0, L_0x7fffd0aa6a60;  1 drivers
v0x7fffd0aa5e90_0 .net "TYPE_3", 11 0, L_0x7fffd0aa6b00;  1 drivers
v0x7fffd0aa5f70_0 .net "TYPE_4", 11 0, L_0x7fffd0aa6d70;  1 drivers
v0x7fffd0aa6050_0 .net "TYPE_5", 11 0, L_0x7fffd0aa7060;  1 drivers
v0x7fffd0aa6130_0 .net "TYPE_6", 4 0, L_0x7fffd0aa71a0;  1 drivers
v0x7fffd0aa6210_0 .net *"_ivl_13", 6 0, L_0x7fffd0aa6ed0;  1 drivers
v0x7fffd0aa62f0_0 .net *"_ivl_15", 4 0, L_0x7fffd0aa6f70;  1 drivers
v0x7fffd0aa63d0_0 .net *"_ivl_7", 6 0, L_0x7fffd0aa6ba0;  1 drivers
v0x7fffd0aa64b0_0 .net *"_ivl_9", 4 0, L_0x7fffd0aa6ca0;  1 drivers
E_0x7fffd0a787a0/0 .event edge, v0x7fffd0aa5bc0_0, v0x7fffd0aa5c80_0, v0x7fffd0aa5d60_0, v0x7fffd0a7f5b0_0;
E_0x7fffd0a787a0/1 .event edge, v0x7fffd0aa5e90_0, v0x7fffd0aa6050_0, v0x7fffd0aa6130_0;
E_0x7fffd0a787a0 .event/or E_0x7fffd0a787a0/0, E_0x7fffd0a787a0/1;
L_0x7fffd0aa6970 .part v0x7fffd0aa66d0_0, 12, 20;
L_0x7fffd0aa6a60 .part v0x7fffd0aa66d0_0, 12, 20;
L_0x7fffd0aa6b00 .part v0x7fffd0aa66d0_0, 20, 12;
L_0x7fffd0aa6ba0 .part v0x7fffd0aa66d0_0, 25, 7;
L_0x7fffd0aa6ca0 .part v0x7fffd0aa66d0_0, 7, 5;
L_0x7fffd0aa6d70 .concat [ 5 7 0 0], L_0x7fffd0aa6ca0, L_0x7fffd0aa6ba0;
L_0x7fffd0aa6ed0 .part v0x7fffd0aa66d0_0, 25, 7;
L_0x7fffd0aa6f70 .part v0x7fffd0aa66d0_0, 7, 5;
L_0x7fffd0aa7060 .concat [ 5 7 0 0], L_0x7fffd0aa6f70, L_0x7fffd0aa6ed0;
L_0x7fffd0aa71a0 .part v0x7fffd0aa66d0_0, 25, 5;
    .scope S_0x7fffd0a7f3d0;
T_0 ;
    %wait E_0x7fffd0a787a0;
    %load/vec4 v0x7fffd0aa5bc0_0;
    %parti/s 3, 0, 2;
    %dup/vec4;
    %pushi/vec4 0, 0, 3;
    %cmp/u;
    %jmp/1 T_0.0, 6;
    %dup/vec4;
    %pushi/vec4 1, 0, 3;
    %cmp/u;
    %jmp/1 T_0.1, 6;
    %dup/vec4;
    %pushi/vec4 2, 0, 3;
    %cmp/u;
    %jmp/1 T_0.2, 6;
    %dup/vec4;
    %pushi/vec4 3, 0, 3;
    %cmp/u;
    %jmp/1 T_0.3, 6;
    %dup/vec4;
    %pushi/vec4 4, 0, 3;
    %cmp/u;
    %jmp/1 T_0.4, 6;
    %dup/vec4;
    %pushi/vec4 5, 0, 3;
    %cmp/u;
    %jmp/1 T_0.5, 6;
    %jmp T_0.6;
T_0.0 ;
    %load/vec4 v0x7fffd0aa5c80_0;
    %concati/vec4 0, 0, 12;
    %store/vec4 v0x7fffd0aa5ae0_0, 0, 32;
    %jmp T_0.6;
T_0.1 ;
    %load/vec4 v0x7fffd0aa5bc0_0;
    %parti/s 1, 3, 3;
    %cmpi/e 1, 0, 1;
    %flag_mov 8, 4;
    %jmp/0 T_0.7, 8;
    %pushi/vec4 0, 0, 11;
    %load/vec4 v0x7fffd0aa5d60_0;
    %concat/vec4; draw_concat_vec4
    %concati/vec4 0, 0, 1;
    %jmp/1 T_0.8, 8;
T_0.7 ; End of true expr.
    %load/vec4 v0x7fffd0a7f5b0_0;
    %parti/s 1, 31, 6;
    %replicate 12;
    %load/vec4 v0x7fffd0a7f5b0_0;
    %parti/s 8, 12, 5;
    %concat/vec4; draw_concat_vec4
    %load/vec4 v0x7fffd0a7f5b0_0;
    %parti/s 1, 20, 6;
    %concat/vec4; draw_concat_vec4
    %load/vec4 v0x7fffd0a7f5b0_0;
    %parti/s 10, 21, 6;
    %concat/vec4; draw_concat_vec4
    %concati/vec4 0, 0, 1;
    %jmp/0 T_0.8, 8;
 ; End of false expr.
    %blend;
T_0.8;
    %store/vec4 v0x7fffd0aa5ae0_0, 0, 32;
    %jmp T_0.6;
T_0.2 ;
    %load/vec4 v0x7fffd0aa5bc0_0;
    %parti/s 1, 3, 3;
    %cmpi/e 1, 0, 1;
    %flag_mov 8, 4;
    %jmp/0 T_0.9, 8;
    %pushi/vec4 0, 0, 20;
    %load/vec4 v0x7fffd0aa5e90_0;
    %concat/vec4; draw_concat_vec4
    %jmp/1 T_0.10, 8;
T_0.9 ; End of true expr.
    %load/vec4 v0x7fffd0aa5e90_0;
    %parti/s 1, 11, 5;
    %replicate 20;
    %load/vec4 v0x7fffd0aa5e90_0;
    %concat/vec4; draw_concat_vec4
    %jmp/0 T_0.10, 8;
 ; End of false expr.
    %blend;
T_0.10;
    %store/vec4 v0x7fffd0aa5ae0_0, 0, 32;
    %jmp T_0.6;
T_0.3 ;
    %load/vec4 v0x7fffd0aa5bc0_0;
    %parti/s 1, 3, 3;
    %cmpi/e 1, 0, 1;
    %flag_mov 8, 4;
    %jmp/0 T_0.11, 8;
    %pushi/vec4 0, 0, 20;
    %load/vec4 v0x7fffd0a7f5b0_0;
    %parti/s 1, 31, 6;
    %concat/vec4; draw_concat_vec4
    %load/vec4 v0x7fffd0a7f5b0_0;
    %parti/s 1, 7, 4;
    %concat/vec4; draw_concat_vec4
    %load/vec4 v0x7fffd0a7f5b0_0;
    %parti/s 6, 25, 6;
    %concat/vec4; draw_concat_vec4
    %load/vec4 v0x7fffd0a7f5b0_0;
    %parti/s 4, 8, 5;
    %concat/vec4; draw_concat_vec4
    %concati/vec4 0, 0, 1;
    %jmp/1 T_0.12, 8;
T_0.11 ; End of true expr.
    %load/vec4 v0x7fffd0a7f5b0_0;
    %parti/s 1, 31, 6;
    %replicate 20;
    %load/vec4 v0x7fffd0a7f5b0_0;
    %parti/s 1, 31, 6;
    %concat/vec4; draw_concat_vec4
    %load/vec4 v0x7fffd0a7f5b0_0;
    %parti/s 1, 7, 4;
    %concat/vec4; draw_concat_vec4
    %load/vec4 v0x7fffd0a7f5b0_0;
    %parti/s 6, 25, 6;
    %concat/vec4; draw_concat_vec4
    %load/vec4 v0x7fffd0a7f5b0_0;
    %parti/s 4, 8, 5;
    %concat/vec4; draw_concat_vec4
    %concati/vec4 0, 0, 1;
    %jmp/0 T_0.12, 8;
 ; End of false expr.
    %blend;
T_0.12;
    %pad/u 32;
    %store/vec4 v0x7fffd0aa5ae0_0, 0, 32;
    %jmp T_0.6;
T_0.4 ;
    %load/vec4 v0x7fffd0aa5bc0_0;
    %parti/s 1, 3, 3;
    %cmpi/e 1, 0, 1;
    %flag_mov 8, 4;
    %jmp/0 T_0.13, 8;
    %pushi/vec4 0, 0, 20;
    %load/vec4 v0x7fffd0aa6050_0;
    %concat/vec4; draw_concat_vec4
    %jmp/1 T_0.14, 8;
T_0.13 ; End of true expr.
    %load/vec4 v0x7fffd0aa6050_0;
    %parti/s 1, 11, 5;
    %replicate 20;
    %load/vec4 v0x7fffd0aa6050_0;
    %concat/vec4; draw_concat_vec4
    %jmp/0 T_0.14, 8;
 ; End of false expr.
    %blend;
T_0.14;
    %store/vec4 v0x7fffd0aa5ae0_0, 0, 32;
    %jmp T_0.6;
T_0.5 ;
    %pushi/vec4 0, 0, 27;
    %load/vec4 v0x7fffd0aa6130_0;
    %concat/vec4; draw_concat_vec4
    %store/vec4 v0x7fffd0aa5ae0_0, 0, 32;
    %jmp T_0.6;
T_0.6 ;
    %pop/vec4 1;
    %jmp T_0;
    .thread T_0, $push;
    .scope S_0x7fffd0a7f240;
T_1 ;
    %vpi_func 2 19 "$random" 32 {0 0 0};
    %store/vec4 v0x7fffd0aa66d0_0, 0, 32;
    %pushi/vec4 0, 0, 4;
    %store/vec4 v0x7fffd0aa6830_0, 0, 4;
    %load/vec4 v0x7fffd0aa66d0_0;
    %parti/s 20, 12, 5;
    %pad/u 32;
    %store/vec4 v0x7fffd0aa68d0_0, 0, 32;
    %delay 20, 0;
    %vpi_call 2 23 "$display", "U-TYPE --> Input: 0x%b | Output: 0x%b ", v0x7fffd0aa68d0_0, v0x7fffd0aa6790_0 {0 0 0};
    %vpi_func 2 26 "$random" 32 {0 0 0};
    %store/vec4 v0x7fffd0aa66d0_0, 0, 32;
    %pushi/vec4 1, 0, 4;
    %store/vec4 v0x7fffd0aa6830_0, 0, 4;
    %load/vec4 v0x7fffd0aa66d0_0;
    %parti/s 20, 12, 5;
    %pad/u 32;
    %store/vec4 v0x7fffd0aa68d0_0, 0, 32;
    %delay 20, 0;
    %vpi_call 2 30 "$display", "J-TYPE --> Input: 0x%b | Output: 0x%b ", v0x7fffd0aa68d0_0, v0x7fffd0aa6790_0 {0 0 0};
    %vpi_func 2 32 "$random" 32 {0 0 0};
    %store/vec4 v0x7fffd0aa66d0_0, 0, 32;
    %pushi/vec4 9, 0, 4;
    %store/vec4 v0x7fffd0aa6830_0, 0, 4;
    %load/vec4 v0x7fffd0aa66d0_0;
    %parti/s 20, 12, 5;
    %pad/u 32;
    %store/vec4 v0x7fffd0aa68d0_0, 0, 32;
    %delay 20, 0;
    %vpi_call 2 36 "$display", "J-TYPE --> Input: 0x%b | Output: 0x%b ", v0x7fffd0aa68d0_0, v0x7fffd0aa6790_0 {0 0 0};
    %vpi_func 2 39 "$random" 32 {0 0 0};
    %store/vec4 v0x7fffd0aa66d0_0, 0, 32;
    %pushi/vec4 2, 0, 4;
    %store/vec4 v0x7fffd0aa6830_0, 0, 4;
    %load/vec4 v0x7fffd0aa66d0_0;
    %parti/s 12, 20, 6;
    %pad/u 32;
    %store/vec4 v0x7fffd0aa68d0_0, 0, 32;
    %delay 20, 0;
    %vpi_call 2 43 "$display", "S-TYPE --> Input: 0x%b | Output: 0x%b ", v0x7fffd0aa68d0_0, v0x7fffd0aa6790_0 {0 0 0};
    %vpi_func 2 45 "$random" 32 {0 0 0};
    %store/vec4 v0x7fffd0aa66d0_0, 0, 32;
    %pushi/vec4 10, 0, 4;
    %store/vec4 v0x7fffd0aa6830_0, 0, 4;
    %load/vec4 v0x7fffd0aa66d0_0;
    %parti/s 12, 20, 6;
    %pad/u 32;
    %store/vec4 v0x7fffd0aa68d0_0, 0, 32;
    %delay 20, 0;
    %vpi_call 2 49 "$display", "S-TYPE --> Input: 0x%b | Output: 0x%b ", v0x7fffd0aa68d0_0, v0x7fffd0aa6790_0 {0 0 0};
    %vpi_func 2 52 "$random" 32 {0 0 0};
    %store/vec4 v0x7fffd0aa66d0_0, 0, 32;
    %pushi/vec4 3, 0, 4;
    %store/vec4 v0x7fffd0aa6830_0, 0, 4;
    %load/vec4 v0x7fffd0aa66d0_0;
    %parti/s 7, 25, 6;
    %load/vec4 v0x7fffd0aa66d0_0;
    %parti/s 5, 7, 4;
    %concat/vec4; draw_concat_vec4
    %pad/u 32;
    %store/vec4 v0x7fffd0aa68d0_0, 0, 32;
    %delay 20, 0;
    %vpi_call 2 56 "$display", "B-TYPE --> Input: 0x%b | Output: 0x%b ", v0x7fffd0aa68d0_0, v0x7fffd0aa6790_0 {0 0 0};
    %vpi_func 2 58 "$random" 32 {0 0 0};
    %store/vec4 v0x7fffd0aa66d0_0, 0, 32;
    %pushi/vec4 11, 0, 4;
    %store/vec4 v0x7fffd0aa6830_0, 0, 4;
    %load/vec4 v0x7fffd0aa66d0_0;
    %parti/s 7, 25, 6;
    %load/vec4 v0x7fffd0aa66d0_0;
    %parti/s 5, 7, 4;
    %concat/vec4; draw_concat_vec4
    %pad/u 32;
    %store/vec4 v0x7fffd0aa68d0_0, 0, 32;
    %delay 20, 0;
    %vpi_call 2 62 "$display", "B-TYPE --> Input: 0x%b | Output: 0x%b ", v0x7fffd0aa68d0_0, v0x7fffd0aa6790_0 {0 0 0};
    %vpi_func 2 65 "$random" 32 {0 0 0};
    %store/vec4 v0x7fffd0aa66d0_0, 0, 32;
    %pushi/vec4 4, 0, 4;
    %store/vec4 v0x7fffd0aa6830_0, 0, 4;
    %load/vec4 v0x7fffd0aa66d0_0;
    %parti/s 7, 25, 6;
    %load/vec4 v0x7fffd0aa66d0_0;
    %parti/s 5, 7, 4;
    %concat/vec4; draw_concat_vec4
    %pad/u 32;
    %store/vec4 v0x7fffd0aa68d0_0, 0, 32;
    %delay 20, 0;
    %vpi_call 2 69 "$display", "I-TYPE --> Input: 0x%b | Output: 0x%b ", v0x7fffd0aa68d0_0, v0x7fffd0aa6790_0 {0 0 0};
    %vpi_func 2 71 "$random" 32 {0 0 0};
    %store/vec4 v0x7fffd0aa66d0_0, 0, 32;
    %pushi/vec4 12, 0, 4;
    %store/vec4 v0x7fffd0aa6830_0, 0, 4;
    %load/vec4 v0x7fffd0aa66d0_0;
    %parti/s 7, 25, 6;
    %load/vec4 v0x7fffd0aa66d0_0;
    %parti/s 5, 7, 4;
    %concat/vec4; draw_concat_vec4
    %pad/u 32;
    %store/vec4 v0x7fffd0aa68d0_0, 0, 32;
    %delay 20, 0;
    %vpi_call 2 75 "$display", "I-TYPE --> Input: 0x%b | Output: 0x%b ", v0x7fffd0aa68d0_0, v0x7fffd0aa6790_0 {0 0 0};
    %vpi_func 2 78 "$random" 32 {0 0 0};
    %store/vec4 v0x7fffd0aa66d0_0, 0, 32;
    %pushi/vec4 5, 0, 4;
    %store/vec4 v0x7fffd0aa6830_0, 0, 4;
    %load/vec4 v0x7fffd0aa66d0_0;
    %parti/s 5, 25, 6;
    %pad/u 32;
    %store/vec4 v0x7fffd0aa68d0_0, 0, 32;
    %delay 20, 0;
    %vpi_call 2 82 "$display", "I-TYPE --> Input: 0x%b | Output: 0x%b ", v0x7fffd0aa68d0_0, v0x7fffd0aa6790_0 {0 0 0};
    %delay 200, 0;
    %vpi_call 2 85 "$finish" {0 0 0};
    %end;
    .thread T_1;
    .scope S_0x7fffd0a7f240;
T_2 ;
    %delay 100, 0;
    %load/vec4 v0x7fffd0aa6610_0;
    %inv;
    %store/vec4 v0x7fffd0aa6610_0, 0, 1;
    %jmp T_2;
    .thread T_2;
# The file index is used to find the file name in the following table.
:file_names 4;
    "N/A";
    "<interactive>";
    "IMMEDIATE_SELECT_TB.v";
    "./IMMEDIATE_SELECT.v";
